<?xml version="1.0" encoding="UTF-8"?>
<!-- Generated by org.testng.reporters.JUnitXMLReporter -->
<testsuite ignored="0" hostname="LTIN436923" failures="0" tests="8" name="Default test" time="0.122" errors="0" timestamp="2025-06-21T20:54:23 IST">
  <testcase classname="com.selenium.test.testCases.TestMain" name="@BeforeTest setDriver" time="-1.750519463375E9">
    <failure type="org.testng.TestNGException" message="
Parameter &amp;apos;browser&amp;apos; is required by BeforeTest on method setDriver but has not been marked @Optional or defined
in C:\Users\2403717\AppData\Local\Temp\testng-eclipse-1914988212\testng-customsuite.xml">
      <![CDATA[org.testng.TestNGException: 
Parameter 'browser' is required by BeforeTest on method setDriver but has not been marked @Optional or defined
in C:\Users\2403717\AppData\Local\Temp\testng-eclipse-1914988212\testng-customsuite.xml
at org.testng.internal.Parameters.createParams(Parameters.java:264)
at org.testng.internal.Parameters.createParametersForMethod(Parameters.java:352)
at org.testng.internal.Parameters.createParameters(Parameters.java:690)
at org.testng.internal.Parameters.createConfigurationParameters(Parameters.java:163)
at org.testng.internal.invokers.ConfigInvoker.invokeConfigurations(ConfigInvoker.java:313)
at org.testng.TestRunner.invokeTestConfigurations(TestRunner.java:657)
at org.testng.TestRunner.beforeRun(TestRunner.java:646)
at org.testng.TestRunner.run(TestRunner.java:612)
at org.testng.SuiteRunner.runTest(SuiteRunner.java:421)
at org.testng.SuiteRunner.runSequentially(SuiteRunner.java:413)
at org.testng.SuiteRunner.privateRun(SuiteRunner.java:373)
at org.testng.SuiteRunner.run(SuiteRunner.java:312)
at org.testng.SuiteRunnerWorker.runSuite(SuiteRunnerWorker.java:52)
at org.testng.SuiteRunnerWorker.run(SuiteRunnerWorker.java:95)
at org.testng.TestNG.runSuitesSequentially(TestNG.java:1274)
at org.testng.TestNG.runSuitesLocally(TestNG.java:1208)
at org.testng.TestNG.runSuites(TestNG.java:1112)
at org.testng.TestNG.run(TestNG.java:1079)
at org.testng.remote.AbstractRemoteTestNG.run(AbstractRemoteTestNG.java:115)
at org.testng.remote.RemoteTestNG.initAndRun(RemoteTestNG.java:293)
at org.testng.remote.RemoteTestNG.main(RemoteTestNG.java:91)
]]>
    </failure>
  </testcase> <!-- @BeforeTest setDriver -->
  <testcase classname="com.selenium.test.testCases.TestMain" name="@BeforeTest startReporter" time="0.0">
    <skipped/>
  </testcase> <!-- @BeforeTest startReporter -->
  <testcase classname="com.selenium.test.testCases.TestMain" name="@BeforeClass setParams" time="0.0">
    <skipped/>
  </testcase> <!-- @BeforeClass setParams -->
  <testcase classname="com.selenium.test.testCases.TestMain" name="@AfterMethod getResult" time="0.0">
    <skipped/>
  </testcase> <!-- @AfterMethod getResult -->
  <testcase classname="com.selenium.test.testCases.TestMain" name="@AfterMethod getResult" time="0.0">
    <skipped/>
  </testcase> <!-- @AfterMethod getResult -->
  <testcase classname="com.selenium.test.testCases.TestMain" name="@AfterMethod getResult" time="0.0">
    <skipped/>
  </testcase> <!-- @AfterMethod getResult -->
  <testcase classname="com.selenium.test.testCases.TestMain" name="@AfterMethod getResult" time="0.0">
    <skipped/>
  </testcase> <!-- @AfterMethod getResult -->
  <testcase classname="com.selenium.test.testCases.TestMain" name="@AfterMethod getResult" time="0.0">
    <skipped/>
  </testcase> <!-- @AfterMethod getResult -->
  <testcase classname="com.selenium.test.testCases.TestMain" name="@AfterMethod getResult" time="0.0">
    <skipped/>
  </testcase> <!-- @AfterMethod getResult -->
  <testcase classname="com.selenium.test.testCases.TestMain" name="@AfterMethod getResult" time="0.0">
    <skipped/>
  </testcase> <!-- @AfterMethod getResult -->
  <testcase classname="com.selenium.test.testCases.TestMain" name="@AfterMethod getResult" time="0.0">
    <skipped/>
  </testcase> <!-- @AfterMethod getResult -->
  <testcase classname="com.selenium.test.testCases.TestMain" name="@AfterClass closeParams" time="0.0">
    <skipped/>
  </testcase> <!-- @AfterClass closeParams -->
  <testcase classname="com.selenium.test.testCases.TestMain" name="@AfterTest flushReport" time="0.0">
    <skipped/>
  </testcase> <!-- @AfterTest flushReport -->
  <testcase classname="com.selenium.test.testCases.TestMain" name="alertHandle" time="0.0">
    <skipped/>
  </testcase> <!-- alertHandle -->
  <testcase classname="com.selenium.test.testCases.TestMain" name="testTitle" time="0.0">
    <skipped/>
  </testcase> <!-- testTitle -->
  <testcase classname="com.selenium.test.testCases.TestMain" name="testURL" time="0.0">
    <skipped/>
  </testcase> <!-- testURL -->
  <testcase classname="com.selenium.test.testCases.TestMain" name="testSrcStation" time="0.0">
    <skipped/>
  </testcase> <!-- testSrcStation -->
  <testcase classname="com.selenium.test.testCases.TestMain" name="testDestStation" time="0.0">
    <skipped/>
  </testcase> <!-- testDestStation -->
  <testcase classname="com.selenium.test.testCases.TestMain" name="testDateSelection" time="0.0">
    <skipped/>
  </testcase> <!-- testDateSelection -->
  <testcase classname="com.selenium.test.testCases.TestMain" name="selectChoices" time="0.0">
    <skipped/>
  </testcase> <!-- selectChoices -->
  <testcase classname="com.selenium.test.testCases.TestMain" name="availableTrain" time="0.0">
    <skipped/>
  </testcase> <!-- availableTrain -->
</testsuite> <!-- Default test -->
