<?xml version="1.0" encoding="UTF-8"?>
<!-- Generated by org.testng.reporters.JUnitXMLReporter -->
<testsuite ignored="0" hostname="LTIN436923" failures="1" tests="7" name="TrainSearchEdge" time="19.353" errors="0" timestamp="2025-06-21T12:34:38 IST">
  <testcase classname="com.selenium.test.testCases.TestMain" name="testTitle" time="0.386"/>
  <testcase classname="com.selenium.test.testCases.TestMain" name="testURL" time="0.142"/>
  <testcase classname="com.selenium.test.testCases.TestMain" name="testSrcStation" time="0.906"/>
  <testcase classname="com.selenium.test.testCases.TestMain" name="testDestStation" time="0.807"/>
  <testcase classname="com.selenium.test.testCases.TestMain" name="testDateSelection" time="1.606">
    <failure type="java.lang.AssertionError" message="expected [25-Jun-25 Wed] but found [TEXT(TODAY()+4, &amp;quot;dd-mmm-yy ddd&amp;quot;)]">
      <![CDATA[java.lang.AssertionError: expected [25-Jun-25 Wed] but found [TEXT(TODAY()+4, "dd-mmm-yy ddd")]
at com.selenium.test.testCases.TestMain.testDateSelection(TestMain.java:162)
at java.base/java.util.ArrayList.forEach(ArrayList.java:1596)
... Removed 31 stack frames]]>
    </failure>
  </testcase> <!-- testDateSelection -->
  <testcase classname="com.selenium.test.testCases.TestMain" name="selectChoices" time="1.043"/>
  <testcase classname="com.selenium.test.testCases.TestMain" name="availableTrain" time="1.351"/>
</testsuite> <!-- TrainSearchEdge -->
