<!DOCTYPE html PUBLIC "-//W3C//DTD XHTML 1.1//EN" "https://www.w3.org/TR/xhtml11/DTD/xhtml11.dtd">
<html xmlns="https://www.w3.org/1999/xhtml">
<head>
<meta http-equiv="content-type" content="text/html; charset=UTF-8"/>
<title>TestNG Report</title>
<style type="text/css">table {margin-bottom:10px;border-collapse:collapse;empty-cells:show}th,td {border:1px solid #009;padding:.25em .5em}th {vertical-align:bottom}td {vertical-align:top}table a {font-weight:bold}.stripe td {background-color: #E6EBF9}.num {text-align:right}.passedodd td {background-color: #3F3}.passedeven td {background-color: #0A0}.skippedodd td {background-color: #DDD}.skippedeven td {background-color: #CCC}.failedodd td,.attn {background-color: #F33}.failedeven td,.stripe .attn {background-color: #D00}.stacktrace {white-space:pre;font-family:monospace}.totop {font-size:85%;text-align:center;border-bottom:2px solid #000}.invisible {display:none}</style>
</head>
<body>
<table>
<tr><th>Test</th><th># Passed</th><th># Skipped</th><th># Retried</th><th># Failed</th><th>Time (ms)</th><th>Included Groups</th><th>Excluded Groups</th></tr>
<tr><th colspan="8">Suite</th></tr>
<tr><td><a href="#t0">TrainSearchEdge</a></td><td class="num">7</td><td class="num">0</td><td class="num">0</td><td class="num attn">1</td><td class="num">16,174</td><td></td><td></td></tr>
<tr class="stripe"><td><a href="#t1">TrainSearchChrome</a></td><td class="num">7</td><td class="num">0</td><td class="num">0</td><td class="num attn">1</td><td class="num">14,249</td><td></td><td></td></tr>
<tr><th>Total</th><th class="num">14</th><th class="num">0</th><th class="num">0</th><th class="num attn">2</th><th class="num">30,423</th><th colspan="2"></th></tr>
</table>
<table id='summary'><thead><tr><th>Class</th><th>Method</th><th>Start</th><th>Time (ms)</th></tr></thead><tbody><tr><th colspan="4">Suite</th></tr></tbody><tbody id="t0"><tr><th colspan="4">TrainSearchEdge &#8212; failed</th></tr><tr class="failedeven"><td rowspan="1">com.selenium.test.testCases.TestMain</td><td><a href="#m0">testDateSelection</a></td><td rowspan="1">1750524335256</td><td rowspan="1">1891</td></tr><tr><th colspan="4">TrainSearchEdge &#8212; passed</th></tr><tr class="passedeven"><td rowspan="7">com.selenium.test.testCases.TestMain</td><td><a href="#m1">alertHandle</a></td><td rowspan="1">1750524333023</td><td rowspan="1">22</td></tr><tr class="passedeven"><td><a href="#m2">availableTrain</a></td><td rowspan="1">1750524338528</td><td rowspan="1">591</td></tr><tr class="passedeven"><td><a href="#m3">selectChoices</a></td><td rowspan="1">1750524337440</td><td rowspan="1">1084</td></tr><tr class="passedeven"><td><a href="#m4">testDestStation</a></td><td rowspan="1">1750524334321</td><td rowspan="1">932</td></tr><tr class="passedeven"><td><a href="#m5">testSrcStation</a></td><td rowspan="1">1750524333419</td><td rowspan="1">898</td></tr><tr class="passedeven"><td><a href="#m6">testTitle</a></td><td rowspan="1">1750524333055</td><td rowspan="1">230</td></tr><tr class="passedeven"><td><a href="#m7">testURL</a></td><td rowspan="1">1750524333288</td><td rowspan="1">125</td></tr></tbody>
<tbody id="t1"><tr><th colspan="4">TrainSearchChrome &#8212; failed</th></tr><tr class="failedeven"><td rowspan="1">com.selenium.test.testCases.TestMain</td><td><a href="#m8">testDateSelection</a></td><td rowspan="1">1750524351539</td><td rowspan="1">1461</td></tr><tr><th colspan="4">TrainSearchChrome &#8212; passed</th></tr><tr class="passedeven"><td rowspan="7">com.selenium.test.testCases.TestMain</td><td><a href="#m9">alertHandle</a></td><td rowspan="1">1750524349682</td><td rowspan="1">15</td></tr><tr class="passedeven"><td><a href="#m10">availableTrain</a></td><td rowspan="1">1750524354424</td><td rowspan="1">604</td></tr><tr class="passedeven"><td><a href="#m11">selectChoices</a></td><td rowspan="1">1750524353256</td><td rowspan="1">1165</td></tr><tr class="passedeven"><td><a href="#m12">testDestStation</a></td><td rowspan="1">1750524350738</td><td rowspan="1">799</td></tr><tr class="passedeven"><td><a href="#m13">testSrcStation</a></td><td rowspan="1">1750524349950</td><td rowspan="1">772</td></tr><tr class="passedeven"><td><a href="#m14">testTitle</a></td><td rowspan="1">1750524349702</td><td rowspan="1">137</td></tr><tr class="passedeven"><td><a href="#m15">testURL</a></td><td rowspan="1">1750524349846</td><td rowspan="1">94</td></tr></tbody>
</table>
<h2>TrainSearchEdge</h2><h3 id="m0">com.selenium.test.testCases.TestMain#testDateSelection</h3><table class="result"><tr><th>Exception</th></tr><tr><td><div class="stacktrace">java.lang.AssertionError: expected [25-Jun-25 Wed] but found [TEXT(TODAY()+4, &quot;dd-mmm-yy ddd&quot;)]
	at com.selenium.test.testCases.TestMain.testDateSelection(TestMain.java:187)
	at java.base/java.util.ArrayList.forEach(ArrayList.java:1596)
... Removed 31 stack frames</div></td></tr></table><p class="totop"><a href="#summary">back to summary</a></p>
<h3 id="m1">com.selenium.test.testCases.TestMain#alertHandle</h3><table class="result"><tr><th class="invisible"/></tr></table><p class="totop"><a href="#summary">back to summary</a></p>
<h3 id="m2">com.selenium.test.testCases.TestMain#availableTrain</h3><table class="result"><tr><th class="invisible"/></tr></table><p class="totop"><a href="#summary">back to summary</a></p>
<h3 id="m3">com.selenium.test.testCases.TestMain#selectChoices</h3><table class="result"><tr><th class="invisible"/></tr></table><p class="totop"><a href="#summary">back to summary</a></p>
<h3 id="m4">com.selenium.test.testCases.TestMain#testDestStation</h3><table class="result"><tr><th class="invisible"/></tr></table><p class="totop"><a href="#summary">back to summary</a></p>
<h3 id="m5">com.selenium.test.testCases.TestMain#testSrcStation</h3><table class="result"><tr><th class="invisible"/></tr></table><p class="totop"><a href="#summary">back to summary</a></p>
<h3 id="m6">com.selenium.test.testCases.TestMain#testTitle</h3><table class="result"><tr><th class="invisible"/></tr></table><p class="totop"><a href="#summary">back to summary</a></p>
<h3 id="m7">com.selenium.test.testCases.TestMain#testURL</h3><table class="result"><tr><th class="invisible"/></tr></table><p class="totop"><a href="#summary">back to summary</a></p>
<h2>TrainSearchChrome</h2><h3 id="m8">com.selenium.test.testCases.TestMain#testDateSelection</h3><table class="result"><tr><th>Exception</th></tr><tr><td><div class="stacktrace">java.lang.AssertionError: expected [25-Jun-25 Wed] but found [TEXT(TODAY()+4, &quot;dd-mmm-yy ddd&quot;)]
	at com.selenium.test.testCases.TestMain.testDateSelection(TestMain.java:187)
	at java.base/java.util.ArrayList.forEach(ArrayList.java:1596)
... Removed 31 stack frames</div></td></tr></table><p class="totop"><a href="#summary">back to summary</a></p>
<h3 id="m9">com.selenium.test.testCases.TestMain#alertHandle</h3><table class="result"><tr><th class="invisible"/></tr></table><p class="totop"><a href="#summary">back to summary</a></p>
<h3 id="m10">com.selenium.test.testCases.TestMain#availableTrain</h3><table class="result"><tr><th class="invisible"/></tr></table><p class="totop"><a href="#summary">back to summary</a></p>
<h3 id="m11">com.selenium.test.testCases.TestMain#selectChoices</h3><table class="result"><tr><th class="invisible"/></tr></table><p class="totop"><a href="#summary">back to summary</a></p>
<h3 id="m12">com.selenium.test.testCases.TestMain#testDestStation</h3><table class="result"><tr><th class="invisible"/></tr></table><p class="totop"><a href="#summary">back to summary</a></p>
<h3 id="m13">com.selenium.test.testCases.TestMain#testSrcStation</h3><table class="result"><tr><th class="invisible"/></tr></table><p class="totop"><a href="#summary">back to summary</a></p>
<h3 id="m14">com.selenium.test.testCases.TestMain#testTitle</h3><table class="result"><tr><th class="invisible"/></tr></table><p class="totop"><a href="#summary">back to summary</a></p>
<h3 id="m15">com.selenium.test.testCases.TestMain#testURL</h3><table class="result"><tr><th class="invisible"/></tr></table><p class="totop"><a href="#summary">back to summary</a></p>
</body>
</html>
